Drill report for /home/vic/Desktop/AGBR_IO_PROJECT/KiCAD/ADAPTER_BOARD/ADAPTER_BOARD.kicad_pcb
Created on Wed 29 May 2019 06:19:45 PM CDT

Copper Layer Stackup:
    =============================================================
    L1 :  F.Cu                      front
    L2 :  B.Cu                      back


Drill file 'ADAPTER_BOARD.drl' contains
    plated through holes:
    =============================================================
    T1  0.40mm  0.016"  (303 holes)
    T2  0.50mm  0.020"  (264 holes)
    T3  1.00mm  0.039"  (26 holes)
    T4  1.10mm  0.043"  (50 holes)
    T5  1.30mm  0.051"  (2 holes)
    T6  4.30mm  0.169"  (4 holes)

    Total plated holes count 649


Not plated through holes are merged with plated holes
    unplated through holes:
    =============================================================
    T7  2.90mm  0.114"  (2 holes)

    Total unplated holes count 2
