Drill report for /opt/dev/git_work/G4_TO_GROOV_ADAPTER/KiCAD/INPUT_ADAPTER_BOARD/ADAPTER_BOARD.kicad_pcb
Created on Mon 17 Jun 2019 07:27:16 PM CDT

Copper Layer Stackup:
    =============================================================
    L1 :  F.Cu                      front
    L2 :  B.Cu                      back


Drill file 'ADAPTER_BOARD.drl' contains
    plated through holes:
    =============================================================
    T1  0.40mm  0.016"  (96 holes)
    T2  1.00mm  0.039"  (26 holes)
    T3  1.10mm  0.043"  (50 holes)
    T4  1.30mm  0.051"  (2 holes)
    T5  4.30mm  0.169"  (4 holes)

    Total plated holes count 178


Not plated through holes are merged with plated holes
    unplated through holes:
    =============================================================
    T6  2.90mm  0.114"  (2 holes)

    Total unplated holes count 2
